<?xml version="1.0" encoding="UTF-8"?>
<testsuite name="org.autotest.ejercicio2_con_failing.ErrorTest4" tests="7" skipped="0" failures="0" errors="0" timestamp="2024-04-10T00:25:43" hostname="MBP-de-Fabrizio.fibertel.com.ar" time="0.002">
  <properties/>
  <testcase name="test201()" classname="org.autotest.ejercicio2_con_failing.ErrorTest4" time="0.0"/>
  <testcase name="test202()" classname="org.autotest.ejercicio2_con_failing.ErrorTest4" time="0.0"/>
  <testcase name="test203()" classname="org.autotest.ejercicio2_con_failing.ErrorTest4" time="0.0"/>
  <testcase name="test204()" classname="org.autotest.ejercicio2_con_failing.ErrorTest4" time="0.001"/>
  <testcase name="test205()" classname="org.autotest.ejercicio2_con_failing.ErrorTest4" time="0.0"/>
  <testcase name="test206()" classname="org.autotest.ejercicio2_con_failing.ErrorTest4" time="0.0"/>
  <testcase name="test207()" classname="org.autotest.ejercicio2_con_failing.ErrorTest4" time="0.0"/>
  <system-out><![CDATA[]]></system-out>
  <system-err><![CDATA[]]></system-err>
</testsuite>
