<?xml version="1.0" encoding="UTF-8"?>
<testsuite name="org.autotest.StackTests2" tests="1" skipped="0" failures="0" errors="0" timestamp="2024-03-28T21:01:06" hostname="DESKTOP-LNN5AVM" time="0.058">
  <properties/>
  <testcase name="run()" classname="org.autotest.StackTests2" time="0.058"/>
  <system-out><![CDATA[-> Corriendo tests de StackTests2 para la clase: StackAr (Stack original)
-> Corriendo tests de StackTests2 para la clase: StackArMutated9391 (NegateConditionsMutator: Se reemplazó != por == en la línea 81.)
-> Corriendo tests de StackTests2 para la clase: StackArMutated9871 (TrueConditionalsMutator: Se reemplazó obj == null por true en la línea 74.)
-> Corriendo tests de StackTests2 para la clase: StackArMutated3648 (MathMutator: Se reemplazó + por - en la línea 66.)
-> Corriendo tests de StackTests2 para la clase: StackArMutated1107 (FalseConditionalsMutator: Se reemplazó isEmpty() por false en la línea 45.)
-> Corriendo tests de StackTests2 para la clase: StackArMutated5902 (NegateConditionsMutator: Se reemplazó < por >= en la línea 18.)
   [X] FallÃ³ el test testSizeIncreasesByOne en la lÃ­nea 12
-> Corriendo tests de StackTests2 para la clase: StackArMutated3523 (FalseReturnsMutator: Se reemplazó size() == elems.length por false en la línea 33.)
   [X] FallÃ³ el test testIsFullMethod en la lÃ­nea 46
-> Corriendo tests de StackTests2 para la clase: StackArMutated5900 (EmptyReturnsMutator: Se reemplazó result por 0 en la línea 67.)
-> Corriendo tests de StackTests2 para la clase: StackArMutated2995 (MinusOneConstantMutator: Se reemplazó 31 por -1 en la línea 63.)
-> Corriendo tests de StackTests2 para la clase: StackArMutated3203 (NegateConditionsMutator: Se reemplazó == por != en la línea 33.)
   [X] FallÃ³ el test testSizeIncreasesByOne en la lÃ­nea 14
-> Corriendo tests de StackTests2 para la clase: StackArMutated2116 (ZeroConstantMutator: Se reemplazó 1 por 0 en la línea 11.)
   [X] FallÃ³ el test testSizeIncreasesByOne en la lÃ­nea 13
-> Corriendo tests de StackTests2 para la clase: StackArMutated3525 (IncrementsMutator: Se reemplazó ++ por -- en la línea 90.)
   [X] FallÃ³ el test testToStringMethod en la lÃ­nea 55
-> Corriendo tests de StackTests2 para la clase: StackArMutated4218 (ZeroConstantMutator: Se reemplazó 10 por 0 en la línea 7.)
   [X] FallÃ³ el test testSizeIncreasesByOne en la lÃ­nea 14
-> Corriendo tests de StackTests2 para la clase: StackArMutated159 (IncrementsMutator: Se reemplazó ++ por -- en la línea 40.)
   [X] FallÃ³ el test testSizeIncreasesByOne en la lÃ­nea 14
-> Corriendo tests de StackTests2 para la clase: StackArMutated4025 (TrueConditionalsMutator: Se reemplazó this == obj por true en la línea 72.)
-> Corriendo tests de StackTests2 para la clase: StackArMutated6963 (TrueReturnsMutator: Se reemplazó false por true en la línea 80.)
-> Corriendo tests de StackTests2 para la clase: StackArMutated7734 (TrueReturnsMutator: Se reemplazó size() == 0 por true en la línea 29.)
   [X] FallÃ³ el test testIsEmptyMethod en la lÃ­nea 37
-> Corriendo tests de StackTests2 para la clase: StackArMutated7811 (TrueReturnsMutator: Se reemplazó size() == elems.length por true en la línea 33.)
   [X] FallÃ³ el test testSizeIncreasesByOne en la lÃ­nea 14
-> Corriendo tests de StackTests2 para la clase: StackArMutated1198 (ConditionalsBoundaryMutator: Se reemplazó > por >= en la línea 91.)
   [X] FallÃ³ el test testToStringMethod en la lÃ­nea 55
-> Corriendo tests de StackTests2 para la clase: StackArMutated2123 (ZeroConstantMutator: Se reemplazó 1 por 0 en la línea 25.)
   [X] FallÃ³ el test testSizeIncreasesByOne en la lÃ­nea 13
-> Corriendo tests de StackTests2 para la clase: StackArMutated3499 (TrueConditionalsMutator: Se reemplazó !java.util.Arrays.equals(elems, other.elems) por true en la línea 79.)
-> Corriendo tests de StackTests2 para la clase: StackArMutated8786 (ConditionalsBoundaryMutator: Se reemplazó < por <= en la línea 18.)
-> Corriendo tests de StackTests2 para la clase: StackArMutated7573 (MinusOneConstantMutator: Se reemplazó 0 por -1 en la línea 29.)
   [X] FallÃ³ el test testDefaultConstructor en la lÃ­nea 20
-> Corriendo tests de StackTests2 para la clase: StackArMutated7253 (ZeroConstantMutator: Se reemplazó 1 por 0 en la línea 64.)
-> Corriendo tests de StackTests2 para la clase: StackArMutated6483 (OneConstantMutator: Se reemplazó 0 por 1 en la línea 18.)
-> Corriendo tests de StackTests2 para la clase: StackArMutated911 (FalseReturnsMutator: Se reemplazó size() == 0 por false en la línea 29.)
   [X] FallÃ³ el test testDefaultConstructor en la lÃ­nea 20
-> Corriendo tests de StackTests2 para la clase: StackArMutated997 (OneConstantMutator: Se reemplazó 0 por 1 en la línea 29.)
   [X] FallÃ³ el test testDefaultConstructor en la lÃ­nea 20
-> Corriendo tests de StackTests2 para la clase: StackArMutated3339 (FalseConditionalsMutator: Se reemplazó readIndex != other.readIndex por false en la línea 81.)
-> Corriendo tests de StackTests2 para la clase: StackArMutated9687 (MinusOneConstantMutator: Se reemplazó 10 por -1 en la línea 7.)
   [X] FallÃ³ el test testSizeIncreasesByOne en la lÃ­nea 12
-> Corriendo tests de StackTests2 para la clase: StackArMutated2803 (FalseConditionalsMutator: Se reemplazó this == obj por false en la línea 72.)
-> Corriendo tests de StackTests2 para la clase: StackArMutated3732 (MathMutator: Se reemplazó * por / en la línea 66.)
-> Corriendo tests de StackTests2 para la clase: StackArMutated7859 (TrueConditionalsMutator: Se reemplazó isEmpty() por true en la línea 54.)
   [X] FallÃ³ el test testIsEmptyMethod en la lÃ­nea 38
-> Corriendo tests de StackTests2 para la clase: StackArMutated2962 (NegateConditionsMutator: Se reemplazó <= por > en la línea 90.)
   [X] FallÃ³ el test testToStringMethod en la lÃ­nea 53
-> Corriendo tests de StackTests2 para la clase: StackArMutated1676 (MinusOneConstantMutator: Se reemplazó 0 por -1 en la línea 91.)
   [X] FallÃ³ el test testToStringMethod en la lÃ­nea 55
-> Corriendo tests de StackTests2 para la clase: StackArMutated1874 (FalseReturnsMutator: Se reemplazó true por false en la línea 73.)
-> Corriendo tests de StackTests2 para la clase: StackArMutated3024 (FalseConditionalsMutator: Se reemplazó !java.util.Arrays.equals(elems, other.elems) por false en la línea 79.)
-> Corriendo tests de StackTests2 para la clase: StackArMutated6378 (FalseConditionalsMutator: Se reemplazó getClass() != obj.getClass() por false en la línea 76.)
-> Corriendo tests de StackTests2 para la clase: StackArMutated7262 (TrueConditionalsMutator: Se reemplazó readIndex != other.readIndex por true en la línea 81.)
-> Corriendo tests de StackTests2 para la clase: StackArMutated4271 (FalseConditionalsMutator: Se reemplazó capacity < 0 por false en la línea 18.)
   [X] FallÃ³ el test testConstructorWithNegativeCapacity en la lÃ­nea 28
-> Corriendo tests de StackTests2 para la clase: StackArMutated9257 (IncrementsMutator: Se reemplazó -- por ++ en la línea 49.)
   [X] FallÃ³ el test testIsEmptyMethod en la lÃ­nea 39
-> Corriendo tests de StackTests2 para la clase: StackArMutated4518 (NegateConditionsMutator: Se reemplazó > por <= en la línea 91.)
   [X] FallÃ³ el test testToStringMethod en la lÃ­nea 55
-> Corriendo tests de StackTests2 para la clase: StackArMutated2259 (FalseReturnsMutator: Se reemplazó true por false en la línea 83.)
-> Corriendo tests de StackTests2 para la clase: StackArMutated4756 (MathMutator: Se reemplazó + por - en la línea 65.)
-> Corriendo tests de StackTests2 para la clase: StackArMutated7877 (TrueConditionalsMutator: Se reemplazó isFull() por true en la línea 37.)
   [X] FallÃ³ el test testSizeIncreasesByOne en la lÃ­nea 14
-> Corriendo tests de StackTests2 para la clase: StackArMutated7755 (MathMutator: Se reemplazó * por / en la línea 65.)
-> Corriendo tests de StackTests2 para la clase: StackArMutated5333 (FalseConditionalsMutator: Se reemplazó obj == null por false en la línea 74.)
-> Corriendo tests de StackTests2 para la clase: StackArMutated8763 (OneConstantMutator: Se reemplazó 31 por 1 en la línea 63.)
-> Corriendo tests de StackTests2 para la clase: StackArMutated8283 (ConditionalsBoundaryMutator: Se reemplazó <= por < en la línea 90.)
   [X] FallÃ³ el test testToStringMethod en la lÃ­nea 55
-> Corriendo tests de StackTests2 para la clase: StackArMutated338 (NegateConditionsMutator: Se reemplazó == por != en la línea 29.)
   [X] FallÃ³ el test testDefaultConstructor en la lÃ­nea 20
-> Corriendo tests de StackTests2 para la clase: StackArMutated613 (FalseConditionalsMutator: Se reemplazó i > 0 por false en la línea 91.)
   [X] FallÃ³ el test testToStringMethod en la lÃ­nea 57
-> Corriendo tests de StackTests2 para la clase: StackArMutated139 (TrueReturnsMutator: Se reemplazó false por true en la línea 82.)
-> Corriendo tests de StackTests2 para la clase: StackArMutated9303 (TrueReturnsMutator: Se reemplazó false por true en la línea 75.)
-> Corriendo tests de StackTests2 para la clase: StackArMutated1333 (FalseConditionalsMutator: Se reemplazó isFull() por false en la línea 37.)
-> Corriendo tests de StackTests2 para la clase: StackArMutated2269 (ZeroConstantMutator: Se reemplazó 31 por 0 en la línea 63.)
-> Corriendo tests de StackTests2 para la clase: StackArMutated5458 (TrueConditionalsMutator: Se reemplazó capacity < 0 por true en la línea 18.)
   [X] FallÃ³ el test testSizeIncreasesByOne en la lÃ­nea 12
-> Corriendo tests de StackTests2 para la clase: StackArMutated6548 (MinusOneConstantMutator: Se reemplazó 0 por -1 en la línea 90.)
   [X] FallÃ³ el test testToStringMethod en la lÃ­nea 53
-> Corriendo tests de StackTests2 para la clase: StackArMutated8923 (TrueReturnsMutator: Se reemplazó false por true en la línea 77.)
-> Corriendo tests de StackTests2 para la clase: StackArMutated1186 (OneConstantMutator: Se reemplazó 0 por 1 en la línea 91.)
   [X] FallÃ³ el test testToStringMethod en la lÃ­nea 57
-> Corriendo tests de StackTests2 para la clase: StackArMutated125 (EmptyReturnsMutator: Se reemplazó b.toString() por "" en la línea 99.)
   [X] FallÃ³ el test testToStringMethod en la lÃ­nea 53
-> Corriendo tests de StackTests2 para la clase: StackArMutated2078 (FalseConditionalsMutator: Se reemplazó isEmpty() por false en la línea 54.)
-> Corriendo tests de StackTests2 para la clase: StackArMutated6158 (TrueConditionalsMutator: Se reemplazó i > 0 por true en la línea 91.)
   [X] FallÃ³ el test testToStringMethod en la lÃ­nea 55
-> Corriendo tests de StackTests2 para la clase: StackArMutated6631 (MinusOneConstantMutator: Se reemplazó 0 por -1 en la línea 18.)
   [X] FallÃ³ el test testConstructorWithNegativeCapacity en la lÃ­nea 28
-> Corriendo tests de StackTests2 para la clase: StackArMutated8854 (TrueConditionalsMutator: Se reemplazó isEmpty() por true en la línea 45.)
   [X] FallÃ³ el test testIsEmptyMethod en la lÃ­nea 38
-> Corriendo tests de StackTests2 para la clase: StackArMutated640 (NegateConditionsMutator: Se reemplazó != por == en la línea 76.)
-> Corriendo tests de StackTests2 para la clase: StackArMutated6156 (NegateConditionsMutator: Se reemplazó == por != en la línea 72.)
-> Corriendo tests de StackTests2 para la clase: StackArMutated242 (NegateConditionsMutator: Se reemplazó == por != en la línea 74.)
-> Corriendo tests de StackTests2 para la clase: StackArMutated5541 (OneConstantMutator: Se reemplazó 0 por 1 en la línea 90.)
   [X] FallÃ³ el test testToStringMethod en la lÃ­nea 55
-> Corriendo tests de StackTests2 para la clase: StackArMutated2076 (TrueConditionalsMutator: Se reemplazó getClass() != obj.getClass() por true en la línea 76.)
-> Corriendo tests de StackTests2 para la clase: StackArMutated6353 (OneConstantMutator: Se reemplazó 10 por 1 en la línea 7.)
-> Corriendo tests de StackTests2 para la clase: StackArMutated4096 (MathMutator: Se reemplazó + por - en la línea 25.)
   [X] FallÃ³ el test testSizeIncreasesByOne en la lÃ­nea 13
-> Mutantes generados: 69
-> Mutantes eliminados: 34
    - StackArMutated6548 (MinusOneConstantMutator: Se reemplazó 0 por -1 en la línea 90.)
    - StackArMutated911 (FalseReturnsMutator: Se reemplazó size() == 0 por false en la línea 29.)
    - StackArMutated7877 (TrueConditionalsMutator: Se reemplazó isFull() por true en la línea 37.)
    - StackArMutated5458 (TrueConditionalsMutator: Se reemplazó capacity < 0 por true en la línea 18.)
    - StackArMutated159 (IncrementsMutator: Se reemplazó ++ por -- en la línea 40.)
    - StackArMutated997 (OneConstantMutator: Se reemplazó 0 por 1 en la línea 29.)
    - StackArMutated9257 (IncrementsMutator: Se reemplazó -- por ++ en la línea 49.)
    - StackArMutated4096 (MathMutator: Se reemplazó + por - en la línea 25.)
    - StackArMutated4518 (NegateConditionsMutator: Se reemplazó > por <= en la línea 91.)
    - StackArMutated9687 (MinusOneConstantMutator: Se reemplazó 10 por -1 en la línea 7.)
    - StackArMutated125 (EmptyReturnsMutator: Se reemplazó b.toString() por "" en la línea 99.)
    - StackArMutated8283 (ConditionalsBoundaryMutator: Se reemplazó <= por < en la línea 90.)
    - StackArMutated2962 (NegateConditionsMutator: Se reemplazó <= por > en la línea 90.)
    - StackArMutated1676 (MinusOneConstantMutator: Se reemplazó 0 por -1 en la línea 91.)
    - StackArMutated7859 (TrueConditionalsMutator: Se reemplazó isEmpty() por true en la línea 54.)
    - StackArMutated7734 (TrueReturnsMutator: Se reemplazó size() == 0 por true en la línea 29.)
    - StackArMutated7811 (TrueReturnsMutator: Se reemplazó size() == elems.length por true en la línea 33.)
    - StackArMutated1198 (ConditionalsBoundaryMutator: Se reemplazó > por >= en la línea 91.)
    - StackArMutated2123 (ZeroConstantMutator: Se reemplazó 1 por 0 en la línea 25.)
    - StackArMutated338 (NegateConditionsMutator: Se reemplazó == por != en la línea 29.)
    - StackArMutated613 (FalseConditionalsMutator: Se reemplazó i > 0 por false en la línea 91.)
    - StackArMutated4271 (FalseConditionalsMutator: Se reemplazó capacity < 0 por false en la línea 18.)
    - StackArMutated3525 (IncrementsMutator: Se reemplazó ++ por -- en la línea 90.)
    - StackArMutated2116 (ZeroConstantMutator: Se reemplazó 1 por 0 en la línea 11.)
    - StackArMutated3523 (FalseReturnsMutator: Se reemplazó size() == elems.length por false en la línea 33.)
    - StackArMutated4218 (ZeroConstantMutator: Se reemplazó 10 por 0 en la línea 7.)
    - StackArMutated5902 (NegateConditionsMutator: Se reemplazó < por >= en la línea 18.)
    - StackArMutated1186 (OneConstantMutator: Se reemplazó 0 por 1 en la línea 91.)
    - StackArMutated8854 (TrueConditionalsMutator: Se reemplazó isEmpty() por true en la línea 45.)
    - StackArMutated3203 (NegateConditionsMutator: Se reemplazó == por != en la línea 33.)
    - StackArMutated6158 (TrueConditionalsMutator: Se reemplazó i > 0 por true en la línea 91.)
    - StackArMutated6631 (MinusOneConstantMutator: Se reemplazó 0 por -1 en la línea 18.)
    - StackArMutated5541 (OneConstantMutator: Se reemplazó 0 por 1 en la línea 90.)
    - StackArMutated7573 (MinusOneConstantMutator: Se reemplazó 0 por -1 en la línea 29.)
-> Mutantes vivos: 35
    - StackArMutated2269 (ZeroConstantMutator: Se reemplazó 31 por 0 en la línea 63.)
    - StackArMutated7755 (MathMutator: Se reemplazó * por / en la línea 65.)
    - StackArMutated8923 (TrueReturnsMutator: Se reemplazó false por true en la línea 77.)
    - StackArMutated1333 (FalseConditionalsMutator: Se reemplazó isFull() por false en la línea 37.)
    - StackArMutated5333 (FalseConditionalsMutator: Se reemplazó obj == null por false en la línea 74.)
    - StackArMutated8763 (OneConstantMutator: Se reemplazó 31 por 1 en la línea 63.)
    - StackArMutated2259 (FalseReturnsMutator: Se reemplazó true por false en la línea 83.)
    - StackArMutated4756 (MathMutator: Se reemplazó + por - en la línea 65.)
    - StackArMutated6378 (FalseConditionalsMutator: Se reemplazó getClass() != obj.getClass() por false en la línea 76.)
    - StackArMutated3024 (FalseConditionalsMutator: Se reemplazó !java.util.Arrays.equals(elems, other.elems) por false en la línea 79.)
    - StackArMutated640 (NegateConditionsMutator: Se reemplazó != por == en la línea 76.)
    - StackArMutated242 (NegateConditionsMutator: Se reemplazó == por != en la línea 74.)
    - StackArMutated3339 (FalseConditionalsMutator: Se reemplazó readIndex != other.readIndex por false en la línea 81.)
    - StackArMutated1874 (FalseReturnsMutator: Se reemplazó true por false en la línea 73.)
    - StackArMutated3732 (MathMutator: Se reemplazó * por / en la línea 66.)
    - StackArMutated2803 (FalseConditionalsMutator: Se reemplazó this == obj por false en la línea 72.)
    - StackArMutated4025 (TrueConditionalsMutator: Se reemplazó this == obj por true en la línea 72.)
    - StackArMutated6963 (TrueReturnsMutator: Se reemplazó false por true en la línea 80.)
    - StackArMutated8786 (ConditionalsBoundaryMutator: Se reemplazó < por <= en la línea 18.)
    - StackArMutated3499 (TrueConditionalsMutator: Se reemplazó !java.util.Arrays.equals(elems, other.elems) por true en la línea 79.)
    - StackArMutated139 (TrueReturnsMutator: Se reemplazó false por true en la línea 82.)
    - StackArMutated7262 (TrueConditionalsMutator: Se reemplazó readIndex != other.readIndex por true en la línea 81.)
    - StackArMutated2995 (MinusOneConstantMutator: Se reemplazó 31 por -1 en la línea 63.)
    - StackArMutated5900 (EmptyReturnsMutator: Se reemplazó result por 0 en la línea 67.)
    - StackArMutated1107 (FalseConditionalsMutator: Se reemplazó isEmpty() por false en la línea 45.)
    - StackArMutated3648 (MathMutator: Se reemplazó + por - en la línea 66.)
    - StackArMutated2076 (TrueConditionalsMutator: Se reemplazó getClass() != obj.getClass() por true en la línea 76.)
    - StackArMutated9303 (TrueReturnsMutator: Se reemplazó false por true en la línea 75.)
    - StackArMutated6156 (NegateConditionsMutator: Se reemplazó == por != en la línea 72.)
    - StackArMutated6353 (OneConstantMutator: Se reemplazó 10 por 1 en la línea 7.)
    - StackArMutated2078 (FalseConditionalsMutator: Se reemplazó isEmpty() por false en la línea 54.)
    - StackArMutated9871 (TrueConditionalsMutator: Se reemplazó obj == null por true en la línea 74.)
    - StackArMutated7253 (ZeroConstantMutator: Se reemplazó 1 por 0 en la línea 64.)
    - StackArMutated6483 (OneConstantMutator: Se reemplazó 0 por 1 en la línea 18.)
    - StackArMutated9391 (NegateConditionsMutator: Se reemplazó != por == en la línea 81.)
-> Mutation score: 49%
]]></system-out>
  <system-err><![CDATA[[Test worker] INFO org.reflections.Reflections - Reflections took 19 ms to scan 1 urls, producing 1 keys and 69 values
]]></system-err>
</testsuite>
