<?xml version="1.0" encoding="UTF-8"?>
<testsuite name="org.autotest.StackTests2" tests="1" skipped="0" failures="0" errors="0" timestamp="2024-04-11T21:40:24" hostname="MBP-de-Fabrizio.fibertel.com.ar" time="0.351">
  <properties/>
  <testcase name="run()" classname="org.autotest.StackTests2" time="0.351"/>
  <system-out><![CDATA[-> Corriendo tests de StackTests2 para la clase: StackAr (Stack original)
-> Corriendo tests de StackTests2 para la clase: StackArTrueReturnsMutatorMutated8772 (TrueReturnsMutator: Se reemplazó false por true en la línea 80.)
-> Corriendo tests de StackTests2 para la clase: StackArFalseConditionalsMutatorMutated4426 (FalseConditionalsMutator: Se reemplazó i > 0 por false en la línea 91.)
   [X] Falló el test testToStringMethod en la línea 57
-> Corriendo tests de StackTests2 para la clase: StackArFalseConditionalsMutatorMutated2963 (FalseConditionalsMutator: Se reemplazó !java.util.Arrays.equals(elems, other.elems) por false en la línea 79.)
-> Corriendo tests de StackTests2 para la clase: StackArMathMutatorMutated6763 (MathMutator: Se reemplazó * por / en la línea 66.)
-> Corriendo tests de StackTests2 para la clase: StackArFalseReturnsMutatorMutated3045 (FalseReturnsMutator: Se reemplazó size() == elems.length por false en la línea 33.)
   [X] Falló el test testIsFullMethod en la línea 46
-> Corriendo tests de StackTests2 para la clase: StackArOneConstantMutatorMutated7162 (OneConstantMutator: Se reemplazó 0 por 1 en la línea 91.)
   [X] Falló el test testToStringMethod en la línea 57
-> Corriendo tests de StackTests2 para la clase: StackArTrueConditionalsMutatorMutated9441 (TrueConditionalsMutator: Se reemplazó getClass() != obj.getClass() por true en la línea 76.)
-> Corriendo tests de StackTests2 para la clase: StackArMinusOneConstantMutatorMutated5976 (MinusOneConstantMutator: Se reemplazó 31 por -1 en la línea 63.)
-> Corriendo tests de StackTests2 para la clase: StackArConditionalsBoundaryMutatorMutated6637 (ConditionalsBoundaryMutator: Se reemplazó < por <= en la línea 18.)
-> Corriendo tests de StackTests2 para la clase: StackArZeroConstantMutatorMutated7962 (ZeroConstantMutator: Se reemplazó 10 por 0 en la línea 7.)
   [X] Falló el test testSizeIncreasesByOne en la línea 14
-> Corriendo tests de StackTests2 para la clase: StackArTrueConditionalsMutatorMutated7862 (TrueConditionalsMutator: Se reemplazó capacity < 0 por true en la línea 18.)
   [X] Falló el test testSizeIncreasesByOne en la línea 12
-> Corriendo tests de StackTests2 para la clase: StackArFalseReturnsMutatorMutated8422 (FalseReturnsMutator: Se reemplazó true por false en la línea 73.)
-> Corriendo tests de StackTests2 para la clase: StackArNegateConditionsMutatorMutated4891 (NegateConditionsMutator: Se reemplazó == por != en la línea 29.)
   [X] Falló el test testDefaultConstructor en la línea 20
-> Corriendo tests de StackTests2 para la clase: StackArIncrementsMutatorMutated9091 (IncrementsMutator: Se reemplazó ++ por -- en la línea 90.)
   [X] Falló el test testToStringMethod en la línea 55
-> Corriendo tests de StackTests2 para la clase: StackArNegateConditionsMutatorMutated5490 (NegateConditionsMutator: Se reemplazó > por <= en la línea 91.)
   [X] Falló el test testToStringMethod en la línea 55
-> Corriendo tests de StackTests2 para la clase: StackArMathMutatorMutated4435 (MathMutator: Se reemplazó * por / en la línea 65.)
-> Corriendo tests de StackTests2 para la clase: StackArTrueConditionalsMutatorMutated8187 (TrueConditionalsMutator: Se reemplazó i > 0 por true en la línea 91.)
   [X] Falló el test testToStringMethod en la línea 55
-> Corriendo tests de StackTests2 para la clase: StackArTrueReturnsMutatorMutated4082 (TrueReturnsMutator: Se reemplazó size() == 0 por true en la línea 29.)
   [X] Falló el test testIsEmptyMethod en la línea 37
-> Corriendo tests de StackTests2 para la clase: StackArFalseConditionalsMutatorMutated8254 (FalseConditionalsMutator: Se reemplazó obj == null por false en la línea 74.)
-> Corriendo tests de StackTests2 para la clase: StackArFalseConditionalsMutatorMutated6152 (FalseConditionalsMutator: Se reemplazó isFull() por false en la línea 37.)
-> Corriendo tests de StackTests2 para la clase: StackArFalseConditionalsMutatorMutated8333 (FalseConditionalsMutator: Se reemplazó getClass() != obj.getClass() por false en la línea 76.)
-> Corriendo tests de StackTests2 para la clase: StackArMinusOneConstantMutatorMutated5229 (MinusOneConstantMutator: Se reemplazó 0 por -1 en la línea 18.)
   [X] Falló el test testConstructorWithNegativeCapacity en la línea 28
-> Corriendo tests de StackTests2 para la clase: StackArNegateConditionsMutatorMutated711 (NegateConditionsMutator: Se reemplazó == por != en la línea 74.)
-> Corriendo tests de StackTests2 para la clase: StackArNegateConditionsMutatorMutated6305 (NegateConditionsMutator: Se reemplazó <= por > en la línea 90.)
   [X] Falló el test testToStringMethod en la línea 53
-> Corriendo tests de StackTests2 para la clase: StackArZeroConstantMutatorMutated2240 (ZeroConstantMutator: Se reemplazó 1 por 0 en la línea 25.)
   [X] Falló el test testSizeIncreasesByOne en la línea 13
-> Corriendo tests de StackTests2 para la clase: StackArTrueConditionalsMutatorMutated7654 (TrueConditionalsMutator: Se reemplazó !java.util.Arrays.equals(elems, other.elems) por true en la línea 79.)
-> Corriendo tests de StackTests2 para la clase: StackArNegateConditionsMutatorMutated4441 (NegateConditionsMutator: Se reemplazó < por >= en la línea 18.)
   [X] Falló el test testSizeIncreasesByOne en la línea 12
-> Corriendo tests de StackTests2 para la clase: StackArOneConstantMutatorMutated9600 (OneConstantMutator: Se reemplazó 10 por 1 en la línea 7.)
-> Corriendo tests de StackTests2 para la clase: StackArTrueReturnsMutatorMutated5458 (TrueReturnsMutator: Se reemplazó false por true en la línea 75.)
-> Corriendo tests de StackTests2 para la clase: StackArZeroConstantMutatorMutated9759 (ZeroConstantMutator: Se reemplazó 1 por 0 en la línea 64.)
-> Corriendo tests de StackTests2 para la clase: StackArNegateConditionsMutatorMutated4564 (NegateConditionsMutator: Se reemplazó != por == en la línea 81.)
-> Corriendo tests de StackTests2 para la clase: StackArFalseConditionalsMutatorMutated6873 (FalseConditionalsMutator: Se reemplazó isEmpty() por false en la línea 54.)
-> Corriendo tests de StackTests2 para la clase: StackArTrueConditionalsMutatorMutated2405 (TrueConditionalsMutator: Se reemplazó isEmpty() por true en la línea 54.)
   [X] Falló el test testIsEmptyMethod en la línea 38
-> Corriendo tests de StackTests2 para la clase: StackArFalseConditionalsMutatorMutated3953 (FalseConditionalsMutator: Se reemplazó readIndex != other.readIndex por false en la línea 81.)
-> Corriendo tests de StackTests2 para la clase: StackArZeroConstantMutatorMutated3508 (ZeroConstantMutator: Se reemplazó 31 por 0 en la línea 63.)
-> Corriendo tests de StackTests2 para la clase: StackArOneConstantMutatorMutated4390 (OneConstantMutator: Se reemplazó 0 por 1 en la línea 29.)
   [X] Falló el test testDefaultConstructor en la línea 20
-> Corriendo tests de StackTests2 para la clase: StackArMinusOneConstantMutatorMutated4380 (MinusOneConstantMutator: Se reemplazó 0 por -1 en la línea 29.)
   [X] Falló el test testDefaultConstructor en la línea 20
-> Corriendo tests de StackTests2 para la clase: StackArTrueConditionalsMutatorMutated3918 (TrueConditionalsMutator: Se reemplazó isEmpty() por true en la línea 45.)
   [X] Falló el test testIsEmptyMethod en la línea 38
-> Corriendo tests de StackTests2 para la clase: StackArIncrementsMutatorMutated9075 (IncrementsMutator: Se reemplazó ++ por -- en la línea 40.)
   [X] Falló el test testSizeIncreasesByOne en la línea 14
-> Corriendo tests de StackTests2 para la clase: StackArMathMutatorMutated8004 (MathMutator: Se reemplazó + por - en la línea 65.)
-> Corriendo tests de StackTests2 para la clase: StackArConditionalsBoundaryMutatorMutated8793 (ConditionalsBoundaryMutator: Se reemplazó > por >= en la línea 91.)
   [X] Falló el test testToStringMethod en la línea 55
-> Corriendo tests de StackTests2 para la clase: StackArMinusOneConstantMutatorMutated1070 (MinusOneConstantMutator: Se reemplazó 0 por -1 en la línea 91.)
   [X] Falló el test testToStringMethod en la línea 55
-> Corriendo tests de StackTests2 para la clase: StackArTrueReturnsMutatorMutated6093 (TrueReturnsMutator: Se reemplazó size() == elems.length por true en la línea 33.)
   [X] Falló el test testSizeIncreasesByOne en la línea 14
-> Corriendo tests de StackTests2 para la clase: StackArEmptyReturnsMutatorMutated5495 (EmptyReturnsMutator: Se reemplazó result por 0 en la línea 67.)
-> Corriendo tests de StackTests2 para la clase: StackArNullReturnsMutatorMutated2336 (NullReturnsMutator: Se reemplazó rv por null en la línea 50.)
-> Corriendo tests de StackTests2 para la clase: StackArTrueConditionalsMutatorMutated9501 (TrueConditionalsMutator: Se reemplazó isFull() por true en la línea 37.)
   [X] Falló el test testSizeIncreasesByOne en la línea 14
-> Corriendo tests de StackTests2 para la clase: StackArNegateConditionsMutatorMutated7907 (NegateConditionsMutator: Se reemplazó != por == en la línea 76.)
-> Corriendo tests de StackTests2 para la clase: StackArZeroConstantMutatorMutated6059 (ZeroConstantMutator: Se reemplazó 1 por 0 en la línea 11.)
   [X] Falló el test testSizeIncreasesByOne en la línea 13
-> Corriendo tests de StackTests2 para la clase: StackArFalseConditionalsMutatorMutated114 (FalseConditionalsMutator: Se reemplazó isEmpty() por false en la línea 45.)
-> Corriendo tests de StackTests2 para la clase: StackArConditionalsBoundaryMutatorMutated7467 (ConditionalsBoundaryMutator: Se reemplazó <= por < en la línea 90.)
   [X] Falló el test testToStringMethod en la línea 55
-> Corriendo tests de StackTests2 para la clase: StackArFalseConditionalsMutatorMutated4442 (FalseConditionalsMutator: Se reemplazó this == obj por false en la línea 72.)
-> Corriendo tests de StackTests2 para la clase: StackArFalseReturnsMutatorMutated5916 (FalseReturnsMutator: Se reemplazó true por false en la línea 83.)
-> Corriendo tests de StackTests2 para la clase: StackArMathMutatorMutated3163 (MathMutator: Se reemplazó + por - en la línea 66.)
-> Corriendo tests de StackTests2 para la clase: StackArNegateConditionsMutatorMutated2971 (NegateConditionsMutator: Se reemplazó == por != en la línea 33.)
   [X] Falló el test testSizeIncreasesByOne en la línea 14
-> Corriendo tests de StackTests2 para la clase: StackArOneConstantMutatorMutated1434 (OneConstantMutator: Se reemplazó 31 por 1 en la línea 63.)
-> Corriendo tests de StackTests2 para la clase: StackArNullReturnsMutatorMutated3154 (NullReturnsMutator: Se reemplazó rv por null en la línea 58.)
-> Corriendo tests de StackTests2 para la clase: StackArMathMutatorMutated2837 (MathMutator: Se reemplazó + por - en la línea 25.)
   [X] Falló el test testSizeIncreasesByOne en la línea 13
-> Corriendo tests de StackTests2 para la clase: StackArEmptyReturnsMutatorMutated1970 (EmptyReturnsMutator: Se reemplazó readIndex + 1 por 0 en la línea 25.)
   [X] Falló el test testSizeIncreasesByOne en la línea 15
-> Corriendo tests de StackTests2 para la clase: StackArIncrementsMutatorMutated4353 (IncrementsMutator: Se reemplazó -- por ++ en la línea 49.)
   [X] Falló el test testIsEmptyMethod en la línea 39
-> Corriendo tests de StackTests2 para la clase: StackArOneConstantMutatorMutated2354 (OneConstantMutator: Se reemplazó 0 por 1 en la línea 18.)
-> Corriendo tests de StackTests2 para la clase: StackArFalseConditionalsMutatorMutated6296 (FalseConditionalsMutator: Se reemplazó capacity < 0 por false en la línea 18.)
   [X] Falló el test testConstructorWithNegativeCapacity en la línea 28
-> Corriendo tests de StackTests2 para la clase: StackArEmptyReturnsMutatorMutated6854 (EmptyReturnsMutator: Se reemplazó b.toString() por "" en la línea 99.)
   [X] Falló el test testToStringMethod en la línea 53
-> Corriendo tests de StackTests2 para la clase: StackArTrueReturnsMutatorMutated4069 (TrueReturnsMutator: Se reemplazó false por true en la línea 82.)
-> Corriendo tests de StackTests2 para la clase: StackArTrueConditionalsMutatorMutated4962 (TrueConditionalsMutator: Se reemplazó this == obj por true en la línea 72.)
-> Corriendo tests de StackTests2 para la clase: StackArTrueReturnsMutatorMutated6008 (TrueReturnsMutator: Se reemplazó false por true en la línea 77.)
-> Corriendo tests de StackTests2 para la clase: StackArNegateConditionsMutatorMutated7139 (NegateConditionsMutator: Se reemplazó == por != en la línea 72.)
-> Corriendo tests de StackTests2 para la clase: StackArMinusOneConstantMutatorMutated2415 (MinusOneConstantMutator: Se reemplazó 0 por -1 en la línea 90.)
   [X] Falló el test testToStringMethod en la línea 53
-> Corriendo tests de StackTests2 para la clase: StackArMinusOneConstantMutatorMutated698 (MinusOneConstantMutator: Se reemplazó 10 por -1 en la línea 7.)
   [X] Falló el test testSizeIncreasesByOne en la línea 12
-> Corriendo tests de StackTests2 para la clase: StackArOneConstantMutatorMutated7126 (OneConstantMutator: Se reemplazó 0 por 1 en la línea 90.)
   [X] Falló el test testToStringMethod en la línea 55
-> Corriendo tests de StackTests2 para la clase: StackArTrueConditionalsMutatorMutated3998 (TrueConditionalsMutator: Se reemplazó obj == null por true en la línea 74.)
-> Corriendo tests de StackTests2 para la clase: StackArFalseReturnsMutatorMutated3846 (FalseReturnsMutator: Se reemplazó size() == 0 por false en la línea 29.)
   [X] Falló el test testDefaultConstructor en la línea 20
-> Corriendo tests de StackTests2 para la clase: StackArTrueConditionalsMutatorMutated5219 (TrueConditionalsMutator: Se reemplazó readIndex != other.readIndex por true en la línea 81.)
-> Mutantes generados: 72
-> Mutantes eliminados: 35
    - StackArMinusOneConstantMutatorMutated4380 (MinusOneConstantMutator: Se reemplazó 0 por -1 en la línea 29.)
    - StackArTrueConditionalsMutatorMutated3918 (TrueConditionalsMutator: Se reemplazó isEmpty() por true en la línea 45.)
    - StackArMinusOneConstantMutatorMutated1070 (MinusOneConstantMutator: Se reemplazó 0 por -1 en la línea 91.)
    - StackArFalseReturnsMutatorMutated3846 (FalseReturnsMutator: Se reemplazó size() == 0 por false en la línea 29.)
    - StackArZeroConstantMutatorMutated2240 (ZeroConstantMutator: Se reemplazó 1 por 0 en la línea 25.)
    - StackArFalseReturnsMutatorMutated3045 (FalseReturnsMutator: Se reemplazó size() == elems.length por false en la línea 33.)
    - StackArTrueConditionalsMutatorMutated9501 (TrueConditionalsMutator: Se reemplazó isFull() por true en la línea 37.)
    - StackArIncrementsMutatorMutated9075 (IncrementsMutator: Se reemplazó ++ por -- en la línea 40.)
    - StackArNegateConditionsMutatorMutated2971 (NegateConditionsMutator: Se reemplazó == por != en la línea 33.)
    - StackArMathMutatorMutated2837 (MathMutator: Se reemplazó + por - en la línea 25.)
    - StackArTrueReturnsMutatorMutated4082 (TrueReturnsMutator: Se reemplazó size() == 0 por true en la línea 29.)
    - StackArNegateConditionsMutatorMutated4441 (NegateConditionsMutator: Se reemplazó < por >= en la línea 18.)
    - StackArFalseConditionalsMutatorMutated4426 (FalseConditionalsMutator: Se reemplazó i > 0 por false en la línea 91.)
    - StackArTrueConditionalsMutatorMutated8187 (TrueConditionalsMutator: Se reemplazó i > 0 por true en la línea 91.)
    - StackArZeroConstantMutatorMutated7962 (ZeroConstantMutator: Se reemplazó 10 por 0 en la línea 7.)
    - StackArEmptyReturnsMutatorMutated6854 (EmptyReturnsMutator: Se reemplazó b.toString() por "" en la línea 99.)
    - StackArNegateConditionsMutatorMutated5490 (NegateConditionsMutator: Se reemplazó > por <= en la línea 91.)
    - StackArMinusOneConstantMutatorMutated698 (MinusOneConstantMutator: Se reemplazó 10 por -1 en la línea 7.)
    - StackArEmptyReturnsMutatorMutated1970 (EmptyReturnsMutator: Se reemplazó readIndex + 1 por 0 en la línea 25.)
    - StackArMinusOneConstantMutatorMutated5229 (MinusOneConstantMutator: Se reemplazó 0 por -1 en la línea 18.)
    - StackArOneConstantMutatorMutated4390 (OneConstantMutator: Se reemplazó 0 por 1 en la línea 29.)
    - StackArNegateConditionsMutatorMutated6305 (NegateConditionsMutator: Se reemplazó <= por > en la línea 90.)
    - StackArTrueReturnsMutatorMutated6093 (TrueReturnsMutator: Se reemplazó size() == elems.length por true en la línea 33.)
    - StackArNegateConditionsMutatorMutated4891 (NegateConditionsMutator: Se reemplazó == por != en la línea 29.)
    - StackArTrueConditionalsMutatorMutated2405 (TrueConditionalsMutator: Se reemplazó isEmpty() por true en la línea 54.)
    - StackArTrueConditionalsMutatorMutated7862 (TrueConditionalsMutator: Se reemplazó capacity < 0 por true en la línea 18.)
    - StackArIncrementsMutatorMutated9091 (IncrementsMutator: Se reemplazó ++ por -- en la línea 90.)
    - StackArFalseConditionalsMutatorMutated6296 (FalseConditionalsMutator: Se reemplazó capacity < 0 por false en la línea 18.)
    - StackArIncrementsMutatorMutated4353 (IncrementsMutator: Se reemplazó -- por ++ en la línea 49.)
    - StackArZeroConstantMutatorMutated6059 (ZeroConstantMutator: Se reemplazó 1 por 0 en la línea 11.)
    - StackArMinusOneConstantMutatorMutated2415 (MinusOneConstantMutator: Se reemplazó 0 por -1 en la línea 90.)
    - StackArConditionalsBoundaryMutatorMutated7467 (ConditionalsBoundaryMutator: Se reemplazó <= por < en la línea 90.)
    - StackArOneConstantMutatorMutated7126 (OneConstantMutator: Se reemplazó 0 por 1 en la línea 90.)
    - StackArConditionalsBoundaryMutatorMutated8793 (ConditionalsBoundaryMutator: Se reemplazó > por >= en la línea 91.)
    - StackArOneConstantMutatorMutated7162 (OneConstantMutator: Se reemplazó 0 por 1 en la línea 91.)
-> Mutantes vivos: 37
    - StackArFalseConditionalsMutatorMutated6873 (FalseConditionalsMutator: Se reemplazó isEmpty() por false en la línea 54.)
    - StackArTrueConditionalsMutatorMutated3998 (TrueConditionalsMutator: Se reemplazó obj == null por true en la línea 74.)
    - StackArTrueConditionalsMutatorMutated4962 (TrueConditionalsMutator: Se reemplazó this == obj por true en la línea 72.)
    - StackArFalseReturnsMutatorMutated8422 (FalseReturnsMutator: Se reemplazó true por false en la línea 73.)
    - StackArNegateConditionsMutatorMutated7907 (NegateConditionsMutator: Se reemplazó != por == en la línea 76.)
    - StackArMathMutatorMutated4435 (MathMutator: Se reemplazó * por / en la línea 65.)
    - StackArFalseConditionalsMutatorMutated6152 (FalseConditionalsMutator: Se reemplazó isFull() por false en la línea 37.)
    - StackArFalseConditionalsMutatorMutated114 (FalseConditionalsMutator: Se reemplazó isEmpty() por false en la línea 45.)
    - StackArFalseConditionalsMutatorMutated8333 (FalseConditionalsMutator: Se reemplazó getClass() != obj.getClass() por false en la línea 76.)
    - StackArTrueReturnsMutatorMutated8772 (TrueReturnsMutator: Se reemplazó false por true en la línea 80.)
    - StackArFalseConditionalsMutatorMutated8254 (FalseConditionalsMutator: Se reemplazó obj == null por false en la línea 74.)
    - StackArFalseReturnsMutatorMutated5916 (FalseReturnsMutator: Se reemplazó true por false en la línea 83.)
    - StackArFalseConditionalsMutatorMutated2963 (FalseConditionalsMutator: Se reemplazó !java.util.Arrays.equals(elems, other.elems) por false en la línea 79.)
    - StackArNegateConditionsMutatorMutated4564 (NegateConditionsMutator: Se reemplazó != por == en la línea 81.)
    - StackArConditionalsBoundaryMutatorMutated6637 (ConditionalsBoundaryMutator: Se reemplazó < por <= en la línea 18.)
    - StackArTrueConditionalsMutatorMutated7654 (TrueConditionalsMutator: Se reemplazó !java.util.Arrays.equals(elems, other.elems) por true en la línea 79.)
    - StackArTrueReturnsMutatorMutated5458 (TrueReturnsMutator: Se reemplazó false por true en la línea 75.)
    - StackArOneConstantMutatorMutated9600 (OneConstantMutator: Se reemplazó 10 por 1 en la línea 7.)
    - StackArMathMutatorMutated6763 (MathMutator: Se reemplazó * por / en la línea 66.)
    - StackArEmptyReturnsMutatorMutated5495 (EmptyReturnsMutator: Se reemplazó result por 0 en la línea 67.)
    - StackArTrueConditionalsMutatorMutated9441 (TrueConditionalsMutator: Se reemplazó getClass() != obj.getClass() por true en la línea 76.)
    - StackArOneConstantMutatorMutated1434 (OneConstantMutator: Se reemplazó 31 por 1 en la línea 63.)
    - StackArMinusOneConstantMutatorMutated5976 (MinusOneConstantMutator: Se reemplazó 31 por -1 en la línea 63.)
    - StackArZeroConstantMutatorMutated3508 (ZeroConstantMutator: Se reemplazó 31 por 0 en la línea 63.)
    - StackArMathMutatorMutated3163 (MathMutator: Se reemplazó + por - en la línea 66.)
    - StackArFalseConditionalsMutatorMutated4442 (FalseConditionalsMutator: Se reemplazó this == obj por false en la línea 72.)
    - StackArNegateConditionsMutatorMutated7139 (NegateConditionsMutator: Se reemplazó == por != en la línea 72.)
    - StackArFalseConditionalsMutatorMutated3953 (FalseConditionalsMutator: Se reemplazó readIndex != other.readIndex por false en la línea 81.)
    - StackArNullReturnsMutatorMutated3154 (NullReturnsMutator: Se reemplazó rv por null en la línea 58.)
    - StackArNegateConditionsMutatorMutated711 (NegateConditionsMutator: Se reemplazó == por != en la línea 74.)
    - StackArMathMutatorMutated8004 (MathMutator: Se reemplazó + por - en la línea 65.)
    - StackArNullReturnsMutatorMutated2336 (NullReturnsMutator: Se reemplazó rv por null en la línea 50.)
    - StackArTrueConditionalsMutatorMutated5219 (TrueConditionalsMutator: Se reemplazó readIndex != other.readIndex por true en la línea 81.)
    - StackArZeroConstantMutatorMutated9759 (ZeroConstantMutator: Se reemplazó 1 por 0 en la línea 64.)
    - StackArTrueReturnsMutatorMutated6008 (TrueReturnsMutator: Se reemplazó false por true en la línea 77.)
    - StackArOneConstantMutatorMutated2354 (OneConstantMutator: Se reemplazó 0 por 1 en la línea 18.)
    - StackArTrueReturnsMutatorMutated4069 (TrueReturnsMutator: Se reemplazó false por true en la línea 82.)
-> Mutation score: 48%
]]></system-out>
  <system-err><![CDATA[[Test worker] INFO org.reflections.Reflections - Reflections took 107 ms to scan 1 urls, producing 1 keys and 72 values
]]></system-err>
</testsuite>
