<?xml version="1.0" encoding="UTF-8"?>
<testsuite name="org.autotest.StackTests3" tests="1" skipped="0" failures="0" errors="0" timestamp="2024-04-08T00:04:09" hostname="MBP-de-Fabrizio.fibertel.com.ar" time="0.391">
  <properties/>
  <testcase name="run()" classname="org.autotest.StackTests3" time="0.391"/>
  <system-out><![CDATA[-> Corriendo tests de StackTests3 para la clase: StackAr (Stack original)
-> Corriendo tests de StackTests3 para la clase: StackArFalseConditionalsMutatorMutated1676 (FalseConditionalsMutator: Se reemplazó !java.util.Arrays.equals(elems, other.elems) por false en la línea 79.)
   [X] Falló el test testDifferentCapacityNotEqual en la línea 93
-> Corriendo tests de StackTests3 para la clase: StackArMinusOneConstantMutatorMutated9292 (MinusOneConstantMutator: Se reemplazó 0 por -1 en la línea 90.)
   [X] Falló el test testToStringMethod en la línea 71
-> Corriendo tests de StackTests3 para la clase: StackArFalseReturnsMutatorMutated4379 (FalseReturnsMutator: Se reemplazó size() == 0 por false en la línea 29.)
   [X] Falló el test testConstructorWithZeroCapacity en la línea 48
-> Corriendo tests de StackTests3 para la clase: StackArMathMutatorMutated8302 (MathMutator: Se reemplazó * por / en la línea 65.)
-> Corriendo tests de StackTests3 para la clase: StackArFalseReturnsMutatorMutated1065 (FalseReturnsMutator: Se reemplazó true por false en la línea 83.)
   [X] Falló el test testEqualsMethodEqual en la línea 84
-> Corriendo tests de StackTests3 para la clase: StackArConditionalsBoundaryMutatorMutated209 (ConditionalsBoundaryMutator: Se reemplazó <= por < en la línea 90.)
   [X] Falló el test testToStringMethod en la línea 73
-> Corriendo tests de StackTests3 para la clase: StackArEmptyReturnsMutatorMutated5079 (EmptyReturnsMutator: Se reemplazó result por 0 en la línea 67.)
   [X] Falló el test testDifferentElementsDifferentHashCode en la línea 151
-> Corriendo tests de StackTests3 para la clase: StackArIncrementsMutatorMutated3103 (IncrementsMutator: Se reemplazó -- por ++ en la línea 49.)
   [X] Falló el test testSizeDecreasesByOne en la línea 28
-> Corriendo tests de StackTests3 para la clase: StackArNegateConditionsMutatorMutated8858 (NegateConditionsMutator: Se reemplazó == por != en la línea 33.)
   [X] Falló el test testDifferentCapacityNotEqual en la línea 89
-> Corriendo tests de StackTests3 para la clase: StackArMathMutatorMutated2729 (MathMutator: Se reemplazó * por / en la línea 66.)
   [X] Falló el test testDifferentElementsDifferentHashCode en la línea 151
-> Corriendo tests de StackTests3 para la clase: StackArZeroConstantMutatorMutated3560 (ZeroConstantMutator: Se reemplazó 1 por 0 en la línea 11.)
   [X] Falló el test testConstructorWithZeroCapacity en la línea 48
-> Corriendo tests de StackTests3 para la clase: StackArTrueConditionalsMutatorMutated4991 (TrueConditionalsMutator: Se reemplazó readIndex != other.readIndex por true en la línea 81.)
   [X] Falló el test testEqualsMethodEqual en la línea 84
-> Corriendo tests de StackTests3 para la clase: StackArIncrementsMutatorMutated8958 (IncrementsMutator: Se reemplazó ++ por -- en la línea 90.)
   [X] Falló el test testToStringMethod en la línea 73
-> Corriendo tests de StackTests3 para la clase: StackArFalseConditionalsMutatorMutated9836 (FalseConditionalsMutator: Se reemplazó this == obj por false en la línea 72.)
-> Corriendo tests de StackTests3 para la clase: StackArNegateConditionsMutatorMutated9267 (NegateConditionsMutator: Se reemplazó != por == en la línea 76.)
   [X] Falló el test testEqualsMethodEqual en la línea 84
-> Corriendo tests de StackTests3 para la clase: StackArMinusOneConstantMutatorMutated4126 (MinusOneConstantMutator: Se reemplazó 0 por -1 en la línea 29.)
   [X] Falló el test testConstructorWithZeroCapacity en la línea 48
-> Corriendo tests de StackTests3 para la clase: StackArFalseReturnsMutatorMutated4886 (FalseReturnsMutator: Se reemplazó size() == elems.length por false en la línea 33.)
   [X] Falló el test testIsFullMethod en la línea 64
-> Corriendo tests de StackTests3 para la clase: StackArFalseConditionalsMutatorMutated3328 (FalseConditionalsMutator: Se reemplazó isFull() por false en la línea 37.)
   [X] Falló el test testCantPushFullStack en la línea 270
-> Corriendo tests de StackTests3 para la clase: StackArTrueReturnsMutatorMutated3391 (TrueReturnsMutator: Se reemplazó false por true en la línea 80.)
   [X] Falló el test testDifferentCapacityNotEqual en la línea 93
-> Corriendo tests de StackTests3 para la clase: StackArFalseConditionalsMutatorMutated2119 (FalseConditionalsMutator: Se reemplazó obj == null por false en la línea 74.)
   [X] Falló el test testNotEqualNull en la línea 128
-> Corriendo tests de StackTests3 para la clase: StackArMathMutatorMutated2136 (MathMutator: Se reemplazó + por - en la línea 25.)
   [X] Falló el test testConstructorWithZeroCapacity en la línea 48
-> Corriendo tests de StackTests3 para la clase: StackArConditionalsBoundaryMutatorMutated9279 (ConditionalsBoundaryMutator: Se reemplazó > por >= en la línea 91.)
   [X] Falló el test testToStringMethod en la línea 73
-> Corriendo tests de StackTests3 para la clase: StackArTrueConditionalsMutatorMutated7371 (TrueConditionalsMutator: Se reemplazó capacity < 0 por true en la línea 18.)
   [X] Falló el test testConstructorWithSpecifiedCapacity en la línea 37
-> Corriendo tests de StackTests3 para la clase: StackArTrueConditionalsMutatorMutated7212 (TrueConditionalsMutator: Se reemplazó isEmpty() por true en la línea 45.)
   [X] Falló el test testSizeDecreasesByOne en la línea 27
-> Corriendo tests de StackTests3 para la clase: StackArNegateConditionsMutatorMutated2502 (NegateConditionsMutator: Se reemplazó == por != en la línea 74.)
   [X] Falló el test testEqualsMethodEqual en la línea 84
-> Corriendo tests de StackTests3 para la clase: StackArTrueReturnsMutatorMutated6827 (TrueReturnsMutator: Se reemplazó false por true en la línea 77.)
   [X] Falló el test testNotEqualDifferentType en la línea 140
-> Corriendo tests de StackTests3 para la clase: StackArNegateConditionsMutatorMutated958 (NegateConditionsMutator: Se reemplazó == por != en la línea 72.)
   [X] Falló el test testDifferentCapacityNotEqual en la línea 93
-> Corriendo tests de StackTests3 para la clase: StackArTrueConditionalsMutatorMutated2681 (TrueConditionalsMutator: Se reemplazó !java.util.Arrays.equals(elems, other.elems) por true en la línea 79.)
   [X] Falló el test testEqualsMethodEqual en la línea 84
-> Corriendo tests de StackTests3 para la clase: StackArTrueConditionalsMutatorMutated5555 (TrueConditionalsMutator: Se reemplazó i > 0 por true en la línea 91.)
   [X] Falló el test testToStringMethod en la línea 73
-> Corriendo tests de StackTests3 para la clase: StackArFalseConditionalsMutatorMutated2198 (FalseConditionalsMutator: Se reemplazó i > 0 por false en la línea 91.)
   [X] Falló el test testToStringMethod en la línea 75
-> Corriendo tests de StackTests3 para la clase: StackArMinusOneConstantMutatorMutated7765 (MinusOneConstantMutator: Se reemplazó 0 por -1 en la línea 91.)
   [X] Falló el test testToStringMethod en la línea 73
-> Corriendo tests de StackTests3 para la clase: StackArOneConstantMutatorMutated7588 (OneConstantMutator: Se reemplazó 0 por 1 en la línea 91.)
   [X] Falló el test testToStringMethod en la línea 75
-> Corriendo tests de StackTests3 para la clase: StackArNegateConditionsMutatorMutated7262 (NegateConditionsMutator: Se reemplazó < por >= en la línea 18.)
   [X] Falló el test testConstructorWithSpecifiedCapacity en la línea 37
-> Corriendo tests de StackTests3 para la clase: StackArMathMutatorMutated879 (MathMutator: Se reemplazó + por - en la línea 66.)
   [X] Falló el test testHashCodeAsExpected en la línea 187
-> Corriendo tests de StackTests3 para la clase: StackArNegateConditionsMutatorMutated9242 (NegateConditionsMutator: Se reemplazó == por != en la línea 29.)
   [X] Falló el test testConstructorWithZeroCapacity en la línea 48
-> Corriendo tests de StackTests3 para la clase: StackArMathMutatorMutated7995 (MathMutator: Se reemplazó + por - en la línea 65.)
   [X] Falló el test testHashCodeAsExpected en la línea 187
-> Corriendo tests de StackTests3 para la clase: StackArTrueReturnsMutatorMutated4396 (TrueReturnsMutator: Se reemplazó false por true en la línea 82.)
   [X] Falló el test testNotEqualAfterPop en la línea 122
-> Corriendo tests de StackTests3 para la clase: StackArTrueReturnsMutatorMutated4991 (TrueReturnsMutator: Se reemplazó false por true en la línea 75.)
   [X] Falló el test testNotEqualNull en la línea 128
-> Corriendo tests de StackTests3 para la clase: StackArFalseReturnsMutatorMutated6652 (FalseReturnsMutator: Se reemplazó true por false en la línea 73.)
   [X] Falló el test testEqualToItself en la línea 100
-> Corriendo tests de StackTests3 para la clase: StackArOneConstantMutatorMutated8791 (OneConstantMutator: Se reemplazó 0 por 1 en la línea 90.)
   [X] Falló el test testToStringMethod en la línea 73
-> Corriendo tests de StackTests3 para la clase: StackArZeroConstantMutatorMutated0 (ZeroConstantMutator: Se reemplazó 1 por 0 en la línea 64.)
   [X] Falló el test testHashCodeAsExpected en la línea 187
-> Corriendo tests de StackTests3 para la clase: StackArTrueConditionalsMutatorMutated8136 (TrueConditionalsMutator: Se reemplazó getClass() != obj.getClass() por true en la línea 76.)
   [X] Falló el test testEqualsMethodEqual en la línea 84
-> Corriendo tests de StackTests3 para la clase: StackArNegateConditionsMutatorMutated869 (NegateConditionsMutator: Se reemplazó > por <= en la línea 91.)
   [X] Falló el test testToStringMethod en la línea 73
-> Corriendo tests de StackTests3 para la clase: StackArFalseConditionalsMutatorMutated9410 (FalseConditionalsMutator: Se reemplazó isEmpty() por false en la línea 45.)
-> Corriendo tests de StackTests3 para la clase: StackArZeroConstantMutatorMutated5440 (ZeroConstantMutator: Se reemplazó 10 por 0 en la línea 7.)
   [X] Falló el test testDifferentCapacityDifferentHashCode en la línea 170
-> Corriendo tests de StackTests3 para la clase: StackArTrueReturnsMutatorMutated6818 (TrueReturnsMutator: Se reemplazó size() == 0 por true en la línea 29.)
   [X] Falló el test testSizeDecreasesByOne en la línea 27
-> Corriendo tests de StackTests3 para la clase: StackArFalseConditionalsMutatorMutated6502 (FalseConditionalsMutator: Se reemplazó getClass() != obj.getClass() por false en la línea 76.)
   [X] Falló el test testNotEqualDifferentType en la línea 140
-> Corriendo tests de StackTests3 para la clase: StackArNegateConditionsMutatorMutated8713 (NegateConditionsMutator: Se reemplazó <= por > en la línea 90.)
   [X] Falló el test testToStringMethod en la línea 71
-> Corriendo tests de StackTests3 para la clase: StackArNegateConditionsMutatorMutated8756 (NegateConditionsMutator: Se reemplazó != por == en la línea 81.)
   [X] Falló el test testEqualsMethodEqual en la línea 84
-> Corriendo tests de StackTests3 para la clase: StackArTrueConditionalsMutatorMutated1604 (TrueConditionalsMutator: Se reemplazó isEmpty() por true en la línea 54.)
   [X] Falló el test testSizeDecreasesByOne en la línea 27
-> Corriendo tests de StackTests3 para la clase: StackArMinusOneConstantMutatorMutated1717 (MinusOneConstantMutator: Se reemplazó 10 por -1 en la línea 7.)
   [X] Falló el test testDifferentSizeDifferentHashCode en la línea 159
-> Corriendo tests de StackTests3 para la clase: StackArEmptyReturnsMutatorMutated9485 (EmptyReturnsMutator: Se reemplazó b.toString() por "" en la línea 99.)
   [X] Falló el test testToStringMethod en la línea 71
-> Corriendo tests de StackTests3 para la clase: StackArOneConstantMutatorMutated3608 (OneConstantMutator: Se reemplazó 0 por 1 en la línea 29.)
   [X] Falló el test testConstructorWithZeroCapacity en la línea 48
-> Corriendo tests de StackTests3 para la clase: StackArEmptyReturnsMutatorMutated1331 (EmptyReturnsMutator: Se reemplazó readIndex + 1 por 0 en la línea 25.)
   [X] Falló el test testSizeIncreasesByOne en la línea 19
-> Corriendo tests de StackTests3 para la clase: StackArMinusOneConstantMutatorMutated1045 (MinusOneConstantMutator: Se reemplazó 31 por -1 en la línea 63.)
   [X] Falló el test testHashCodeAsExpected en la línea 187
-> Corriendo tests de StackTests3 para la clase: StackArTrueConditionalsMutatorMutated5892 (TrueConditionalsMutator: Se reemplazó isFull() por true en la línea 37.)
   [X] Falló el test testDifferentCapacityNotEqual en la línea 89
-> Corriendo tests de StackTests3 para la clase: StackArMinusOneConstantMutatorMutated4997 (MinusOneConstantMutator: Se reemplazó 0 por -1 en la línea 18.)
   [X] Falló el test testConstructorWithNegativeCapacity en la línea 41
-> Corriendo tests de StackTests3 para la clase: StackArFalseConditionalsMutatorMutated52 (FalseConditionalsMutator: Se reemplazó capacity < 0 por false en la línea 18.)
   [X] Falló el test testConstructorWithNegativeCapacity en la línea 41
-> Corriendo tests de StackTests3 para la clase: StackArIncrementsMutatorMutated3654 (IncrementsMutator: Se reemplazó ++ por -- en la línea 40.)
   [X] Falló el test testDifferentCapacityNotEqual en la línea 89
-> Corriendo tests de StackTests3 para la clase: StackArOneConstantMutatorMutated5868 (OneConstantMutator: Se reemplazó 10 por 1 en la línea 7.)
   [X] Falló el test testDifferentCapacityDifferentHashCode en la línea 171
-> Corriendo tests de StackTests3 para la clase: StackArConditionalsBoundaryMutatorMutated8126 (ConditionalsBoundaryMutator: Se reemplazó < por <= en la línea 18.)
   [X] Falló el test testConstructorWithZeroCapacity en la línea 47
-> Corriendo tests de StackTests3 para la clase: StackArFalseConditionalsMutatorMutated2492 (FalseConditionalsMutator: Se reemplazó readIndex != other.readIndex por false en la línea 81.)
   [X] Falló el test testNotEqualAfterPop en la línea 122
-> Corriendo tests de StackTests3 para la clase: StackArFalseConditionalsMutatorMutated4470 (FalseConditionalsMutator: Se reemplazó isEmpty() por false en la línea 54.)
   [X] Falló el test testCantTopEmptyStack en la línea 263
-> Corriendo tests de StackTests3 para la clase: StackArTrueReturnsMutatorMutated2243 (TrueReturnsMutator: Se reemplazó size() == elems.length por true en la línea 33.)
   [X] Falló el test testDifferentCapacityNotEqual en la línea 89
-> Corriendo tests de StackTests3 para la clase: StackArZeroConstantMutatorMutated8406 (ZeroConstantMutator: Se reemplazó 1 por 0 en la línea 25.)
   [X] Falló el test testConstructorWithZeroCapacity en la línea 48
-> Corriendo tests de StackTests3 para la clase: StackArOneConstantMutatorMutated5463 (OneConstantMutator: Se reemplazó 0 por 1 en la línea 18.)
   [X] Falló el test testConstructorWithZeroCapacity en la línea 47
-> Corriendo tests de StackTests3 para la clase: StackArZeroConstantMutatorMutated4522 (ZeroConstantMutator: Se reemplazó 31 por 0 en la línea 63.)
   [X] Falló el test testDifferentElementsDifferentHashCode en la línea 151
-> Corriendo tests de StackTests3 para la clase: StackArTrueConditionalsMutatorMutated6624 (TrueConditionalsMutator: Se reemplazó obj == null por true en la línea 74.)
   [X] Falló el test testEqualsMethodEqual en la línea 84
-> Corriendo tests de StackTests3 para la clase: StackArOneConstantMutatorMutated3364 (OneConstantMutator: Se reemplazó 31 por 1 en la línea 63.)
   [X] Falló el test testHashCodeAsExpected en la línea 187
-> Corriendo tests de StackTests3 para la clase: StackArTrueConditionalsMutatorMutated2744 (TrueConditionalsMutator: Se reemplazó this == obj por true en la línea 72.)
   [X] Falló el test testDifferentCapacityNotEqual en la línea 93
-> Mutantes generados: 70
-> Mutantes eliminados: 67
    - StackArIncrementsMutatorMutated3654 (IncrementsMutator: Se reemplazó ++ por -- en la línea 40.)
    - StackArFalseConditionalsMutatorMutated2198 (FalseConditionalsMutator: Se reemplazó i > 0 por false en la línea 91.)
    - StackArNegateConditionsMutatorMutated8756 (NegateConditionsMutator: Se reemplazó != por == en la línea 81.)
    - StackArFalseConditionalsMutatorMutated3328 (FalseConditionalsMutator: Se reemplazó isFull() por false en la línea 37.)
    - StackArFalseReturnsMutatorMutated4379 (FalseReturnsMutator: Se reemplazó size() == 0 por false en la línea 29.)
    - StackArEmptyReturnsMutatorMutated5079 (EmptyReturnsMutator: Se reemplazó result por 0 en la línea 67.)
    - StackArFalseConditionalsMutatorMutated2119 (FalseConditionalsMutator: Se reemplazó obj == null por false en la línea 74.)
    - StackArNegateConditionsMutatorMutated869 (NegateConditionsMutator: Se reemplazó > por <= en la línea 91.)
    - StackArTrueConditionalsMutatorMutated2744 (TrueConditionalsMutator: Se reemplazó this == obj por true en la línea 72.)
    - StackArMathMutatorMutated2729 (MathMutator: Se reemplazó * por / en la línea 66.)
    - StackArFalseReturnsMutatorMutated1065 (FalseReturnsMutator: Se reemplazó true por false en la línea 83.)
    - StackArNegateConditionsMutatorMutated7262 (NegateConditionsMutator: Se reemplazó < por >= en la línea 18.)
    - StackArNegateConditionsMutatorMutated9242 (NegateConditionsMutator: Se reemplazó == por != en la línea 29.)
    - StackArTrueConditionalsMutatorMutated8136 (TrueConditionalsMutator: Se reemplazó getClass() != obj.getClass() por true en la línea 76.)
    - StackArConditionalsBoundaryMutatorMutated209 (ConditionalsBoundaryMutator: Se reemplazó <= por < en la línea 90.)
    - StackArConditionalsBoundaryMutatorMutated8126 (ConditionalsBoundaryMutator: Se reemplazó < por <= en la línea 18.)
    - StackArMathMutatorMutated2136 (MathMutator: Se reemplazó + por - en la línea 25.)
    - StackArNegateConditionsMutatorMutated8713 (NegateConditionsMutator: Se reemplazó <= por > en la línea 90.)
    - StackArMinusOneConstantMutatorMutated1717 (MinusOneConstantMutator: Se reemplazó 10 por -1 en la línea 7.)
    - StackArEmptyReturnsMutatorMutated9485 (EmptyReturnsMutator: Se reemplazó b.toString() por "" en la línea 99.)
    - StackArFalseConditionalsMutatorMutated1676 (FalseConditionalsMutator: Se reemplazó !java.util.Arrays.equals(elems, other.elems) por false en la línea 79.)
    - StackArTrueConditionalsMutatorMutated7371 (TrueConditionalsMutator: Se reemplazó capacity < 0 por true en la línea 18.)
    - StackArTrueConditionalsMutatorMutated1604 (TrueConditionalsMutator: Se reemplazó isEmpty() por true en la línea 54.)
    - StackArMinusOneConstantMutatorMutated7765 (MinusOneConstantMutator: Se reemplazó 0 por -1 en la línea 91.)
    - StackArTrueConditionalsMutatorMutated7212 (TrueConditionalsMutator: Se reemplazó isEmpty() por true en la línea 45.)
    - StackArTrueReturnsMutatorMutated6818 (TrueReturnsMutator: Se reemplazó size() == 0 por true en la línea 29.)
    - StackArZeroConstantMutatorMutated3560 (ZeroConstantMutator: Se reemplazó 1 por 0 en la línea 11.)
    - StackArTrueConditionalsMutatorMutated5555 (TrueConditionalsMutator: Se reemplazó i > 0 por true en la línea 91.)
    - StackArZeroConstantMutatorMutated4522 (ZeroConstantMutator: Se reemplazó 31 por 0 en la línea 63.)
    - StackArTrueConditionalsMutatorMutated4991 (TrueConditionalsMutator: Se reemplazó readIndex != other.readIndex por true en la línea 81.)
    - StackArTrueReturnsMutatorMutated6827 (TrueReturnsMutator: Se reemplazó false por true en la línea 77.)
    - StackArEmptyReturnsMutatorMutated1331 (EmptyReturnsMutator: Se reemplazó readIndex + 1 por 0 en la línea 25.)
    - StackArOneConstantMutatorMutated7588 (OneConstantMutator: Se reemplazó 0 por 1 en la línea 91.)
    - StackArZeroConstantMutatorMutated8406 (ZeroConstantMutator: Se reemplazó 1 por 0 en la línea 25.)
    - StackArOneConstantMutatorMutated8791 (OneConstantMutator: Se reemplazó 0 por 1 en la línea 90.)
    - StackArTrueReturnsMutatorMutated3391 (TrueReturnsMutator: Se reemplazó false por true en la línea 80.)
    - StackArMathMutatorMutated879 (MathMutator: Se reemplazó + por - en la línea 66.)
    - StackArNegateConditionsMutatorMutated2502 (NegateConditionsMutator: Se reemplazó == por != en la línea 74.)
    - StackArFalseConditionalsMutatorMutated52 (FalseConditionalsMutator: Se reemplazó capacity < 0 por false en la línea 18.)
    - StackArNegateConditionsMutatorMutated9267 (NegateConditionsMutator: Se reemplazó != por == en la línea 76.)
    - StackArMinusOneConstantMutatorMutated9292 (MinusOneConstantMutator: Se reemplazó 0 por -1 en la línea 90.)
    - StackArTrueConditionalsMutatorMutated2681 (TrueConditionalsMutator: Se reemplazó !java.util.Arrays.equals(elems, other.elems) por true en la línea 79.)
    - StackArMinusOneConstantMutatorMutated4126 (MinusOneConstantMutator: Se reemplazó 0 por -1 en la línea 29.)
    - StackArNegateConditionsMutatorMutated8858 (NegateConditionsMutator: Se reemplazó == por != en la línea 33.)
    - StackArConditionalsBoundaryMutatorMutated9279 (ConditionalsBoundaryMutator: Se reemplazó > por >= en la línea 91.)
    - StackArFalseConditionalsMutatorMutated4470 (FalseConditionalsMutator: Se reemplazó isEmpty() por false en la línea 54.)
    - StackArTrueReturnsMutatorMutated4991 (TrueReturnsMutator: Se reemplazó false por true en la línea 75.)
    - StackArFalseConditionalsMutatorMutated2492 (FalseConditionalsMutator: Se reemplazó readIndex != other.readIndex por false en la línea 81.)
    - StackArTrueReturnsMutatorMutated4396 (TrueReturnsMutator: Se reemplazó false por true en la línea 82.)
    - StackArIncrementsMutatorMutated3103 (IncrementsMutator: Se reemplazó -- por ++ en la línea 49.)
    - StackArIncrementsMutatorMutated8958 (IncrementsMutator: Se reemplazó ++ por -- en la línea 90.)
    - StackArOneConstantMutatorMutated3608 (OneConstantMutator: Se reemplazó 0 por 1 en la línea 29.)
    - StackArFalseConditionalsMutatorMutated6502 (FalseConditionalsMutator: Se reemplazó getClass() != obj.getClass() por false en la línea 76.)
    - StackArFalseReturnsMutatorMutated4886 (FalseReturnsMutator: Se reemplazó size() == elems.length por false en la línea 33.)
    - StackArNegateConditionsMutatorMutated958 (NegateConditionsMutator: Se reemplazó == por != en la línea 72.)
    - StackArMinusOneConstantMutatorMutated1045 (MinusOneConstantMutator: Se reemplazó 31 por -1 en la línea 63.)
    - StackArTrueConditionalsMutatorMutated5892 (TrueConditionalsMutator: Se reemplazó isFull() por true en la línea 37.)
    - StackArOneConstantMutatorMutated5868 (OneConstantMutator: Se reemplazó 10 por 1 en la línea 7.)
    - StackArZeroConstantMutatorMutated5440 (ZeroConstantMutator: Se reemplazó 10 por 0 en la línea 7.)
    - StackArOneConstantMutatorMutated3364 (OneConstantMutator: Se reemplazó 31 por 1 en la línea 63.)
    - StackArFalseReturnsMutatorMutated6652 (FalseReturnsMutator: Se reemplazó true por false en la línea 73.)
    - StackArTrueConditionalsMutatorMutated6624 (TrueConditionalsMutator: Se reemplazó obj == null por true en la línea 74.)
    - StackArMinusOneConstantMutatorMutated4997 (MinusOneConstantMutator: Se reemplazó 0 por -1 en la línea 18.)
    - StackArOneConstantMutatorMutated5463 (OneConstantMutator: Se reemplazó 0 por 1 en la línea 18.)
    - StackArZeroConstantMutatorMutated0 (ZeroConstantMutator: Se reemplazó 1 por 0 en la línea 64.)
    - StackArMathMutatorMutated7995 (MathMutator: Se reemplazó + por - en la línea 65.)
    - StackArTrueReturnsMutatorMutated2243 (TrueReturnsMutator: Se reemplazó size() == elems.length por true en la línea 33.)
-> Mutantes vivos: 3
    - StackArFalseConditionalsMutatorMutated9836 (FalseConditionalsMutator: Se reemplazó this == obj por false en la línea 72.)
    - StackArMathMutatorMutated8302 (MathMutator: Se reemplazó * por / en la línea 65.)
    - StackArFalseConditionalsMutatorMutated9410 (FalseConditionalsMutator: Se reemplazó isEmpty() por false en la línea 45.)
-> Mutation score: 95%
]]></system-out>
  <system-err><![CDATA[[Test worker] INFO org.reflections.Reflections - Reflections took 83 ms to scan 1 urls, producing 1 keys and 70 values
]]></system-err>
</testsuite>
